2026-07-07 22:26:00,935 INFO o.a.j.u.JMeterUtils: Setting Locale to en_EN
2026-07-07 22:26:00,963 INFO o.a.j.JMeter: Loading user properties from: C:\Users\Praveen_Kumar\Desktop\Projects\PerformanceAutomation\jmeter\apache-jmeter-5.6.3\bin\user.properties
2026-07-07 22:26:00,964 INFO o.a.j.JMeter: Loading system properties from: C:\Users\Praveen_Kumar\Desktop\Projects\PerformanceAutomation\jmeter\apache-jmeter-5.6.3\bin\system.properties
2026-07-07 22:26:00,965 INFO o.a.j.JMeter: Copyright (c) 1998-2024 The Apache Software Foundation
2026-07-07 22:26:00,965 INFO o.a.j.JMeter: Version 5.6.3
2026-07-07 22:26:00,973 INFO o.a.j.JMeter: java.version=21.0.11
2026-07-07 22:26:00,973 INFO o.a.j.JMeter: java.vm.name=OpenJDK 64-Bit Server VM
2026-07-07 22:26:00,984 INFO o.a.j.JMeter: os.name=Windows 11
2026-07-07 22:26:00,984 INFO o.a.j.JMeter: os.arch=amd64
2026-07-07 22:26:00,985 INFO o.a.j.JMeter: os.version=10.0
2026-07-07 22:26:00,985 INFO o.a.j.JMeter: file.encoding=UTF-8
2026-07-07 22:26:00,985 INFO o.a.j.JMeter: java.awt.headless=true
2026-07-07 22:26:00,985 INFO o.a.j.JMeter: Max memory     =1073741824
2026-07-07 22:26:00,985 INFO o.a.j.JMeter: Available Processors =8
2026-07-07 22:26:01,000 INFO o.a.j.JMeter: Default Locale=English (EN)
2026-07-07 22:26:01,000 INFO o.a.j.JMeter: JMeter  Locale=English (EN)
2026-07-07 22:26:01,000 INFO o.a.j.JMeter: JMeterHome=C:\Users\Praveen_Kumar\Desktop\Projects\PerformanceAutomation\jmeter\apache-jmeter-5.6.3
2026-07-07 22:26:01,000 INFO o.a.j.JMeter: user.dir  =C:\Users\Praveen_Kumar\Desktop\Projects\PerformanceAutomation
2026-07-07 22:26:01,000 INFO o.a.j.JMeter: PWD       =C:\Users\Praveen_Kumar\Desktop\Projects\PerformanceAutomation
2026-07-07 22:26:01,003 INFO o.a.j.JMeter: IP: 192.168.1.101 Name: Praveen FullName: Praveen
2026-07-07 22:26:01,023 INFO o.a.j.JMeter: Setting property 'jmeter.reportgenerator.outputdir' to:'C:\Users\Praveen_Kumar\Desktop\Projects\PerformanceAutomation\reports\html'
2026-07-07 22:26:01,025 INFO o.a.j.s.FileServer: Default base='C:\Users\Praveen_Kumar\Desktop\Projects\PerformanceAutomation'
2026-07-07 22:26:01,025 INFO o.a.j.s.FileServer: Set new base='C:\Users\Praveen_Kumar\Desktop\Projects\PerformanceAutomation\jmeter'
2026-07-07 22:26:01,247 INFO o.a.j.s.SaveService: Testplan (JMX) version: 2.2. Testlog (JTL) version: 2.2
2026-07-07 22:26:01,275 INFO o.a.j.s.SaveService: Using SaveService properties version 5.0
2026-07-07 22:26:01,284 INFO o.a.j.s.SaveService: Using SaveService properties file encoding UTF-8
2026-07-07 22:26:01,285 INFO o.a.j.s.SaveService: Loading file: jmeter\createQuote.jmx
2026-07-07 22:26:01,326 INFO o.a.j.p.h.c.CookieManager: Settings: Delete null: true Check: true Allow variable: true Save: false Prefix: COOKIE_
2026-07-07 22:26:01,372 INFO o.a.j.p.h.s.HTTPSamplerBase: Parser for text/html is org.apache.jmeter.protocol.http.parser.LagartoBasedHtmlParser
2026-07-07 22:26:01,372 INFO o.a.j.p.h.s.HTTPSamplerBase: Parser for application/xhtml+xml is org.apache.jmeter.protocol.http.parser.LagartoBasedHtmlParser
2026-07-07 22:26:01,372 INFO o.a.j.p.h.s.HTTPSamplerBase: Parser for application/xml is org.apache.jmeter.protocol.http.parser.LagartoBasedHtmlParser
2026-07-07 22:26:01,372 INFO o.a.j.p.h.s.HTTPSamplerBase: Parser for text/xml is org.apache.jmeter.protocol.http.parser.LagartoBasedHtmlParser
2026-07-07 22:26:01,372 INFO o.a.j.p.h.s.HTTPSamplerBase: Parser for text/vnd.wap.wml is org.apache.jmeter.protocol.http.parser.RegexpHTMLParser
2026-07-07 22:26:01,372 INFO o.a.j.p.h.s.HTTPSamplerBase: Parser for text/css is org.apache.jmeter.protocol.http.parser.CssParser
2026-07-07 22:26:01,413 INFO o.a.j.JMeter: Creating summariser <summary>
2026-07-07 22:26:01,415 INFO o.a.j.r.d.ReportGenerator: ReportGenerator will use for Parsing the separator: ','
2026-07-07 22:26:01,415 INFO o.a.j.r.d.ReportGenerator: Will generate report at end of test from  results file: results\result.jtl
2026-07-07 22:26:01,415 INFO o.a.j.r.d.ReportGenerator: Reading report generator properties from: C:\Users\Praveen_Kumar\Desktop\Projects\PerformanceAutomation\jmeter\apache-jmeter-5.6.3\bin\reportgenerator.properties
2026-07-07 22:26:01,415 INFO o.a.j.r.d.ReportGenerator: Merging with JMeter properties
2026-07-07 22:26:01,421 INFO o.a.j.r.c.ReportGeneratorConfiguration: Property 'jmeter.reportgenerator.temp_dir' not found, using default value 'temp' instead.
2026-07-07 22:26:01,424 INFO o.a.j.r.c.ReportGeneratorConfiguration: Property 'jmeter.reportgenerator.apdex_per_transaction' not found, using default value 'null' instead.
2026-07-07 22:26:01,424 INFO o.a.j.r.c.ReportGeneratorConfiguration: apdex_per_transaction is empty, not APDEX per transaction customization
2026-07-07 22:26:01,424 INFO o.a.j.r.c.ReportGeneratorConfiguration: Property 'jmeter.reportgenerator.sample_filter' not found, using default value 'null' instead.
2026-07-07 22:26:01,424 INFO o.a.j.r.c.ReportGeneratorConfiguration: Property 'jmeter.reportgenerator.report_title' not found, using default value 'null' instead.
2026-07-07 22:26:01,424 INFO o.a.j.r.c.ReportGeneratorConfiguration: Property 'jmeter.reportgenerator.start_date' not found, using default value 'null' instead.
2026-07-07 22:26:01,424 INFO o.a.j.r.c.ReportGeneratorConfiguration: Property 'jmeter.reportgenerator.end_date' not found, using default value 'null' instead.
2026-07-07 22:26:01,424 INFO o.a.j.r.c.ReportGeneratorConfiguration: Property 'jmeter.reportgenerator.date_format' not found, using default value 'null' instead.
2026-07-07 22:26:01,424 INFO o.a.j.r.c.ReportGeneratorConfiguration: Will use date range start date: null, end date: null
2026-07-07 22:26:01,424 INFO o.a.j.r.c.ReportGeneratorConfiguration: Property 'jmeter.reportgenerator.graph.totalTPS.exclude_controllers' not found, using default value 'false' instead.
2026-07-07 22:26:01,433 INFO o.a.j.r.c.ReportGeneratorConfiguration: Property 'jmeter.reportgenerator.graph.activeThreadsOverTime.exclude_controllers' not found, using default value 'false' instead.
2026-07-07 22:26:01,433 INFO o.a.j.r.c.ReportGeneratorConfiguration: Property 'jmeter.reportgenerator.graph.timeVsThreads.exclude_controllers' not found, using default value 'false' instead.
2026-07-07 22:26:01,433 INFO o.a.j.r.c.ReportGeneratorConfiguration: Property 'jmeter.reportgenerator.graph.responseTimeDistribution.exclude_controllers' not found, using default value 'false' instead.
2026-07-07 22:26:01,433 INFO o.a.j.r.c.ReportGeneratorConfiguration: Property 'jmeter.reportgenerator.graph.transactionsPerSecond.exclude_controllers' not found, using default value 'false' instead.
2026-07-07 22:26:01,433 INFO o.a.j.r.c.ReportGeneratorConfiguration: Property 'jmeter.reportgenerator.graph.responseTimePercentiles.exclude_controllers' not found, using default value 'false' instead.
2026-07-07 22:26:01,433 INFO o.a.j.r.c.ReportGeneratorConfiguration: Property 'jmeter.reportgenerator.graph.responseTimePercentilesOverTime.exclude_controllers' not found, using default value 'false' instead.
2026-07-07 22:26:01,433 INFO o.a.j.r.c.ReportGeneratorConfiguration: Property 'jmeter.reportgenerator.graph.responseTimesOverTime.exclude_controllers' not found, using default value 'false' instead.
2026-07-07 22:26:01,433 INFO o.a.j.r.c.ReportGeneratorConfiguration: Property 'jmeter.reportgenerator.graph.connectTimeOverTime.exclude_controllers' not found, using default value 'false' instead.
2026-07-07 22:26:01,434 INFO o.a.j.r.c.ReportGeneratorConfiguration: Property 'jmeter.reportgenerator.graph.latenciesOverTime.exclude_controllers' not found, using default value 'false' instead.
2026-07-07 22:26:01,434 INFO o.a.j.r.c.ReportGeneratorConfiguration: Property 'jmeter.reportgenerator.exporter.json.filters_only_sample_series' not found, using default value 'true' instead.
2026-07-07 22:26:01,434 INFO o.a.j.r.c.ReportGeneratorConfiguration: Property 'jmeter.reportgenerator.exporter.json.series_filter' not found, using default value '' instead.
2026-07-07 22:26:01,434 INFO o.a.j.r.c.ReportGeneratorConfiguration: Property 'jmeter.reportgenerator.exporter.json.show_controllers_only' not found, using default value 'false' instead.
2026-07-07 22:26:01,435 INFO o.a.j.r.c.ReportGeneratorConfiguration: Property 'jmeter.reportgenerator.exporter.html.filters_only_sample_series' not found, using default value 'true' instead.
2026-07-07 22:26:01,435 INFO o.a.j.r.c.ReportGeneratorConfiguration: Property 'jmeter.reportgenerator.exporter.html.series_filter' not found, using default value '' instead.
2026-07-07 22:26:01,435 INFO o.a.j.r.c.ReportGeneratorConfiguration: Property 'jmeter.reportgenerator.exporter.html.show_controllers_only' not found, using default value 'false' instead.
2026-07-07 22:26:01,447 INFO o.a.j.e.StandardJMeterEngine: Running the test!
2026-07-07 22:26:01,447 INFO o.a.j.s.SampleEvent: List of sample_variables: []
2026-07-07 22:26:01,447 INFO o.a.j.s.SampleEvent: List of sample_variables: []
2026-07-07 22:26:01,454 INFO o.a.j.e.u.CompoundVariable: Note: Function class names must contain the string: '.functions.'
2026-07-07 22:26:01,454 INFO o.a.j.e.u.CompoundVariable: Note: Function class names must not contain the string: '.gui.'
2026-07-07 22:26:01,512 INFO o.a.j.r.ClassFinder: Will scan jar C:\Users\Praveen_Kumar\Desktop\Projects\PerformanceAutomation\jmeter\apache-jmeter-5.6.3\lib\ext\jmeter-plugins-dummy-0.4.jar with filter ExtendsClassFilter [parents=[interface org.apache.jmeter.functions.Function], inner=false, contains=null, notContains=null]. Consider exposing JMeter plugins via META-INF/services, and add JMeter-Skip-Class-Scanning=true manifest attribute so JMeter can skip classfile scanning
2026-07-07 22:26:01,515 INFO o.a.j.r.ClassFinder: Will scan jar C:\Users\Praveen_Kumar\Desktop\Projects\PerformanceAutomation\jmeter\apache-jmeter-5.6.3\lib\ext\jmeter-plugins-casutg-3.1.1.jar with filter ExtendsClassFilter [parents=[interface org.apache.jmeter.functions.Function], inner=false, contains=null, notContains=null]. Consider exposing JMeter plugins via META-INF/services, and add JMeter-Skip-Class-Scanning=true manifest attribute so JMeter can skip classfile scanning
2026-07-07 22:26:01,529 INFO o.a.j.r.ClassFinder: Will scan jar C:\Users\Praveen_Kumar\Desktop\Projects\PerformanceAutomation\jmeter\apache-jmeter-5.6.3\lib\ext\jmeter-plugins-manager-1.12.jar with filter ExtendsClassFilter [parents=[interface org.apache.jmeter.functions.Function], inner=false, contains=null, notContains=null]. Consider exposing JMeter plugins via META-INF/services, and add JMeter-Skip-Class-Scanning=true manifest attribute so JMeter can skip classfile scanning
2026-07-07 22:26:01,695 INFO o.a.j.r.ClassFinder: Will scan jar C:\Users\Praveen_Kumar\Desktop\Projects\PerformanceAutomation\jmeter\apache-jmeter-5.6.3\lib\ext\jmeter-plugins-json-2.7.jar with filter ExtendsClassFilter [parents=[interface org.apache.jmeter.functions.Function], inner=false, contains=null, notContains=null]. Consider exposing JMeter plugins via META-INF/services, and add JMeter-Skip-Class-Scanning=true manifest attribute so JMeter can skip classfile scanning
2026-07-07 22:26:01,703 INFO o.a.j.r.ClassFinder: Will scan jar C:\Users\Praveen_Kumar\Desktop\Projects\PerformanceAutomation\jmeter\apache-jmeter-5.6.3\lib\ext\jmeter-parallel-0.12.jar with filter ExtendsClassFilter [parents=[interface org.apache.jmeter.functions.Function], inner=false, contains=null, notContains=null]. Consider exposing JMeter plugins via META-INF/services, and add JMeter-Skip-Class-Scanning=true manifest attribute so JMeter can skip classfile scanning
2026-07-07 22:26:01,711 INFO o.a.j.r.ClassFinder: Will scan jar C:\Users\Praveen_Kumar\Desktop\Projects\PerformanceAutomation\jmeter\apache-jmeter-5.6.3\lib\ext\jmeter-debugger-0.6.1.jar with filter ExtendsClassFilter [parents=[interface org.apache.jmeter.functions.Function], inner=false, contains=null, notContains=null]. Consider exposing JMeter plugins via META-INF/services, and add JMeter-Skip-Class-Scanning=true manifest attribute so JMeter can skip classfile scanning
2026-07-07 22:26:02,234 INFO o.a.j.JMeter: Running test (1783443362234)
2026-07-07 22:26:02,234 INFO o.a.j.e.StandardJMeterEngine: Starting setUp thread groups
2026-07-07 22:26:02,234 INFO o.a.j.e.StandardJMeterEngine: Starting setUp ThreadGroup: 1 : setUp Thread Group 
2026-07-07 22:26:02,234 INFO o.a.j.e.StandardJMeterEngine: Starting 1 threads for group setUp Thread Group.
2026-07-07 22:26:02,234 INFO o.a.j.e.StandardJMeterEngine: Thread will continue on error
2026-07-07 22:26:02,234 INFO o.a.j.t.ThreadGroup: Starting thread group... number=1 threads=1 ramp-up=1 delayedStart=false
2026-07-07 22:26:02,242 INFO o.a.j.t.ThreadGroup: Started thread group number 1
2026-07-07 22:26:02,243 INFO o.a.j.e.StandardJMeterEngine: Waiting for all setup thread groups to exit
2026-07-07 22:26:02,245 INFO o.a.j.t.JMeterThread: Thread started: setUp Thread Group 1-1
2026-07-07 22:26:02,257 INFO o.a.j.p.h.s.HTTPHCAbstractImpl: Local host = Praveen
2026-07-07 22:26:02,264 INFO o.a.j.p.h.s.HTTPHC4Impl: HTTP request retry count = 0
2026-07-07 22:26:02,264 INFO o.a.j.s.SampleResult: Note: Sample TimeStamps are START times
2026-07-07 22:26:02,264 INFO o.a.j.s.SampleResult: sampleresult.default.encoding is set to UTF-8
2026-07-07 22:26:02,264 INFO o.a.j.s.SampleResult: sampleresult.useNanoTime=true
2026-07-07 22:26:02,264 INFO o.a.j.s.SampleResult: sampleresult.nanoThreadSleep=5000
2026-07-07 22:26:02,355 INFO o.a.j.p.h.s.h.LazyLayeredConnectionSocketFactory: Setting up HTTPS TrustAll Socket Factory
2026-07-07 22:26:02,364 INFO o.a.j.u.JsseSSLManager: Using default SSL protocol: TLS
2026-07-07 22:26:02,364 INFO o.a.j.u.JsseSSLManager: SSL session context: per-thread
2026-07-07 22:26:02,438 INFO o.a.j.u.SSLManager: JmeterKeyStore Location:  type JKS
2026-07-07 22:26:02,445 INFO o.a.j.u.SSLManager: KeyStore created OK
2026-07-07 22:26:02,445 WARN o.a.j.u.SSLManager: Keystore file not found, loading empty keystore
2026-07-07 22:26:02,995 ERROR o.a.j.e.JSR223PostProcessor: Problem in JSR223 script, JSR223 PostProcessor
javax.script.ScriptException: Cannot find engine named: 'javascript', ensure you set language field in JSR223 Test Element: JSR223 PostProcessor
	at org.apache.jmeter.util.JSR223TestElement.getScriptEngine(JSR223TestElement.java:117) ~[ApacheJMeter_core.jar:5.6.3]
	at org.apache.jmeter.extractor.JSR223PostProcessor.process(JSR223PostProcessor.java:44) ~[ApacheJMeter_components.jar:5.6.3]
	at org.apache.jmeter.threads.JMeterThread.runPostProcessors(JMeterThread.java:973) ~[ApacheJMeter_core.jar:5.6.3]
	at org.apache.jmeter.threads.JMeterThread.executeSamplePackage(JMeterThread.java:585) ~[ApacheJMeter_core.jar:5.6.3]
	at org.apache.jmeter.threads.JMeterThread.processSampler(JMeterThread.java:501) ~[ApacheJMeter_core.jar:5.6.3]
	at org.apache.jmeter.threads.JMeterThread.run(JMeterThread.java:268) ~[ApacheJMeter_core.jar:5.6.3]
	at java.base/java.lang.Thread.run(Thread.java:1583) [?:?]
2026-07-07 22:26:03,006 INFO o.a.j.r.Summariser: summary +      1 in 00:00:01 =    1.3/s Avg:   669 Min:   669 Max:   669 Err:     0 (0.00%) Active: 1 Started: 1 Finished: 0
2026-07-07 22:26:03,006 INFO o.a.j.t.JMeterThread: Thread is done: setUp Thread Group 1-1
2026-07-07 22:26:03,006 INFO o.a.j.t.JMeterThread: Thread finished: setUp Thread Group 1-1
2026-07-07 22:26:03,006 INFO o.a.j.e.StandardJMeterEngine: All Setup Threads have ended
2026-07-07 22:26:03,034 INFO o.a.j.e.StandardJMeterEngine: Starting ThreadGroup: 1 : Thread Group - v1/create
2026-07-07 22:26:03,034 INFO o.a.j.e.StandardJMeterEngine: Starting 1 threads for group Thread Group - v1/create.
2026-07-07 22:26:03,034 INFO o.a.j.e.StandardJMeterEngine: Thread will continue on error
2026-07-07 22:26:03,037 INFO o.a.j.t.ThreadGroup: Starting thread group... number=1 threads=1 ramp-up=1 delayedStart=false
2026-07-07 22:26:03,037 INFO o.a.j.t.ThreadGroup: Started thread group number 1
2026-07-07 22:26:03,039 INFO o.a.j.e.StandardJMeterEngine: All thread groups have been started
2026-07-07 22:26:03,039 INFO o.a.j.t.JMeterThread: Thread started: Thread Group - v1/create 1-1
2026-07-07 22:26:04,185 INFO o.a.j.t.JMeterThread: Thread is done: Thread Group - v1/create 1-1
2026-07-07 22:26:04,185 INFO o.a.j.t.JMeterThread: Thread finished: Thread Group - v1/create 1-1
2026-07-07 22:26:04,187 INFO o.a.j.e.StandardJMeterEngine: Notifying test listeners of end of test
2026-07-07 22:26:04,188 INFO o.a.j.r.Summariser: summary +      2 in 00:00:01 =    1.7/s Avg:   556 Min:   233 Max:   880 Err:     2 (100.00%) Active: 0 Started: 1 Finished: 1
2026-07-07 22:26:04,188 INFO o.a.j.r.Summariser: summary =      3 in 00:00:02 =    1.5/s Avg:   594 Min:   233 Max:   880 Err:     2 (66.67%)
2026-07-07 22:26:04,188 INFO o.a.j.JMeter: Generating Dashboard
2026-07-07 22:26:04,188 INFO o.a.j.r.d.ReportGenerator: Flushing result collector before report Generation
2026-07-07 22:26:04,200 INFO o.a.j.r.p.NormalizerSampleConsumer: Using format, 'ms', to parse timeStamp field
2026-07-07 22:26:04,254 INFO o.a.j.r.p.AbstractSampleConsumer: class org.apache.jmeter.report.processor.AggregateConsumer#stopProducing(): beginDate produced 0 samples
2026-07-07 22:26:04,254 INFO o.a.j.r.p.AbstractSampleConsumer: class org.apache.jmeter.report.processor.AggregateConsumer#stopProducing(): endDate produced 0 samples
2026-07-07 22:26:04,254 INFO o.a.j.r.p.AbstractSampleConsumer: class org.apache.jmeter.report.processor.ApdexSummaryConsumer#stopProducing(): apdexSummary produced 0 samples
2026-07-07 22:26:04,254 INFO o.a.j.r.p.AbstractSampleConsumer: class org.apache.jmeter.report.processor.RequestsSummaryConsumer#stopProducing(): requestsSummary produced 0 samples
2026-07-07 22:26:04,267 INFO o.a.j.r.p.AbstractSampleConsumer: class org.apache.jmeter.report.processor.StatisticsSummaryConsumer#stopProducing(): statisticsSummary produced 0 samples
2026-07-07 22:26:04,269 INFO o.a.j.r.p.AbstractSampleConsumer: class org.apache.jmeter.report.processor.Top5ErrorsBySamplerConsumer#stopProducing(): top5ErrorsBySampler produced 0 samples
2026-07-07 22:26:04,269 INFO o.a.j.r.p.AbstractSampleConsumer: class org.apache.jmeter.report.processor.ErrorsSummaryConsumer#stopProducing(): errorsSummary produced 0 samples
2026-07-07 22:26:04,269 INFO o.a.j.r.p.AbstractSampleConsumer: class org.apache.jmeter.report.processor.graph.impl.HitsPerSecondGraphConsumer#stopProducing(): hitsPerSecond produced 0 samples
2026-07-07 22:26:04,275 INFO o.a.j.r.p.AbstractSampleConsumer: class org.apache.jmeter.report.processor.graph.impl.LatencyVSRequestGraphConsumer#stopProducing(): latencyVsRequest produced 0 samples
2026-07-07 22:26:04,275 INFO o.a.j.r.p.AbstractSampleConsumer: class org.apache.jmeter.report.processor.graph.impl.SyntheticResponseTimeDistributionGraphConsumer#stopProducing(): syntheticResponseTimeDistribution produced 0 samples
2026-07-07 22:26:04,275 INFO o.a.j.r.p.AbstractSampleConsumer: class org.apache.jmeter.report.processor.graph.impl.BytesThroughputGraphConsumer#stopProducing(): bytesThroughputOverTime produced 0 samples
2026-07-07 22:26:04,275 INFO o.a.j.r.p.AbstractSampleConsumer: class org.apache.jmeter.report.processor.graph.impl.CodesPerSecondGraphConsumer#stopProducing(): codesPerSecond produced 0 samples
2026-07-07 22:26:04,284 INFO o.a.j.r.p.AbstractSampleConsumer: class org.apache.jmeter.report.processor.graph.impl.ResponseTimeVSRequestGraphConsumer#stopProducing(): responseTimeVsRequest produced 0 samples
2026-07-07 22:26:04,285 INFO o.a.j.r.p.AbstractSampleConsumer: class org.apache.jmeter.report.processor.FilterConsumer#stopProducing(): startIntervalControlerFilter produced 21 samples
2026-07-07 22:26:04,285 INFO o.a.j.r.p.AbstractSampleConsumer: class org.apache.jmeter.report.processor.graph.impl.TotalTPSGraphConsumer#stopProducing(): totalTPS produced 0 samples
2026-07-07 22:26:04,285 INFO o.a.j.r.p.AbstractSampleConsumer: class org.apache.jmeter.report.processor.graph.impl.ActiveThreadsGraphConsumer#stopProducing(): activeThreadsOverTime produced 0 samples
2026-07-07 22:26:04,285 INFO o.a.j.r.p.AbstractSampleConsumer: class org.apache.jmeter.report.processor.graph.impl.TimeVSThreadGraphConsumer#stopProducing(): timeVsThreads produced 0 samples
2026-07-07 22:26:04,285 INFO o.a.j.r.p.AbstractSampleConsumer: class org.apache.jmeter.report.processor.graph.impl.ResponseTimeDistributionGraphConsumer#stopProducing(): responseTimeDistribution produced 0 samples
2026-07-07 22:26:04,285 INFO o.a.j.r.p.AbstractSampleConsumer: class org.apache.jmeter.report.processor.graph.impl.TransactionsPerSecondGraphConsumer#stopProducing(): transactionsPerSecond produced 0 samples
2026-07-07 22:26:04,285 INFO o.a.j.r.p.AbstractSampleConsumer: class org.apache.jmeter.report.processor.graph.impl.ResponseTimePercentilesGraphConsumer#stopProducing(): responseTimePercentiles produced 0 samples
2026-07-07 22:26:04,287 INFO o.a.j.r.p.AbstractSampleConsumer: class org.apache.jmeter.report.processor.graph.impl.ResponseTimePercentilesOverTimeGraphConsumer#stopProducing(): responseTimePercentilesOverTime produced 0 samples
2026-07-07 22:26:04,287 INFO o.a.j.r.p.AbstractSampleConsumer: class org.apache.jmeter.report.processor.graph.impl.ResponseTimeOverTimeGraphConsumer#stopProducing(): responseTimesOverTime produced 0 samples
2026-07-07 22:26:04,287 INFO o.a.j.r.p.AbstractSampleConsumer: class org.apache.jmeter.report.processor.graph.impl.ConnectTimeOverTimeGraphConsumer#stopProducing(): connectTimeOverTime produced 0 samples
2026-07-07 22:26:04,287 INFO o.a.j.r.p.AbstractSampleConsumer: class org.apache.jmeter.report.processor.graph.impl.LatencyOverTimeGraphConsumer#stopProducing(): latenciesOverTime produced 0 samples
2026-07-07 22:26:04,287 INFO o.a.j.r.p.AbstractSampleConsumer: class org.apache.jmeter.report.processor.FilterConsumer#stopProducing(): nameFilter produced 45 samples
2026-07-07 22:26:04,287 INFO o.a.j.r.p.AbstractSampleConsumer: class org.apache.jmeter.report.processor.FilterConsumer#stopProducing(): dateRangeFilter produced 9 samples
2026-07-07 22:26:04,287 INFO o.a.j.r.p.AbstractSampleConsumer: class org.apache.jmeter.report.processor.NormalizerSampleConsumer#stopProducing(): normalizer produced 3 samples
2026-07-07 22:26:04,287 INFO o.a.j.r.p.CsvFileSampleSource: produce(): 3 samples produced in 63ms on channel 0
2026-07-07 22:26:04,287 INFO o.a.j.r.d.ReportGenerator: Exporting data using exporter:'json' of className:'org.apache.jmeter.report.dashboard.JsonExporter'
2026-07-07 22:26:04,365 INFO o.a.j.r.d.JsonExporter: Found data for consumer statisticsSummary in context
2026-07-07 22:26:04,365 INFO o.a.j.r.d.JsonExporter: Creating statistics for overall
2026-07-07 22:26:04,365 INFO o.a.j.r.d.JsonExporter: Creating statistics for other transactions
2026-07-07 22:26:04,365 INFO o.a.j.r.d.JsonExporter: Checking output folder
2026-07-07 22:26:04,367 INFO o.a.j.r.d.JsonExporter: Writing statistics JSON to C:\Users\Praveen_Kumar\Desktop\Projects\PerformanceAutomation\reports\html\statistics.json
2026-07-07 22:26:04,405 INFO o.a.j.r.d.ReportGenerator: Exporting data using exporter:'html' of className:'org.apache.jmeter.report.dashboard.HtmlTemplateExporter'
2026-07-07 22:26:04,405 INFO o.a.j.r.d.HtmlTemplateExporter: Will generate dashboard in folder: C:\Users\Praveen_Kumar\Desktop\Projects\PerformanceAutomation\reports\html
2026-07-07 22:26:04,528 INFO o.a.j.r.d.HtmlTemplateExporter: Report will be generated in: C:\Users\Praveen_Kumar\Desktop\Projects\PerformanceAutomation\reports\html, creating folder structure
2026-07-07 22:26:04,534 INFO o.a.j.r.d.TemplateVisitor: Copying folder from 'C:\Users\Praveen_Kumar\Desktop\Projects\PerformanceAutomation\jmeter\apache-jmeter-5.6.3\bin\report-template' to 'C:\Users\Praveen_Kumar\Desktop\Projects\PerformanceAutomation\reports\html', got message: C:\Users\Praveen_Kumar\Desktop\Projects\PerformanceAutomation\reports\html, found non empty folder with following content [C:\Users\Praveen_Kumar\Desktop\Projects\PerformanceAutomation\reports\html\statistics.json], will be ignored
2026-07-07 22:26:05,170 INFO o.a.j.JMeter: Dashboard generated
